#
# There is insufficient memory for the Java Runtime Environment to continue.
# Native memory allocation (malloc) failed to allocate 1282704 bytes for Chunk::new
# Possible reasons:
#   The system is out of physical RAM or swap space
#   The process is running with CompressedOops enabled, and the Java Heap may be blocking the growth of the native heap
# Possible solutions:
#   Reduce memory load on the system
#   Increase physical memory or swap space
#   Check if swap backing store is full
#   Decrease Java heap size (-Xmx/-Xms)
#   Decrease number of Java threads
#   Decrease Java thread stack sizes (-Xss)
#   Set larger code cache with -XX:ReservedCodeCacheSize=
#   JVM is running with Zero Based Compressed Oops mode in which the Java heap is
#     placed in the first 32GB address space. The Java Heap base address is the
#     maximum limit for the native heap growth. Please use -XX:HeapBaseMinAddress
#     to set the Java Heap base and to place the Java Heap above 32GB virtual address.
# This output file may be truncated or incomplete.
#
#  Out of Memory Error (arena.cpp:189), pid=16488, tid=21100
#
# JRE version: Java(TM) SE Runtime Environment (17.0.1+12) (build 17.0.1+12-LTS-39)
# Java VM: Java HotSpot(TM) 64-Bit Server VM (17.0.1+12-LTS-39, mixed mode, sharing, tiered, compressed oops, compressed class ptrs, g1 gc, windows-amd64)
# No core dump will be written. Minidumps are not enabled by default on client versions of Windows
#

---------------  S U M M A R Y ------------

Command Line: -Dfile.encoding=Cp1252 -XX:+ShowCodeDetailsInExceptionMessages mypackage.index

Host: Intel(R) Core(TM) i7-9750H CPU @ 2.60GHz, 12 cores, 15G,  Windows 10 , 64 bit Build 22000 (10.0.22000.318)
Time: Thu Jan 13 11:34:20 2022 Moyen-Orient elapsed time: 0.561983 seconds (0d 0h 0m 0s)

---------------  T H R E A D  ---------------

Current thread (0x000001386c7d63a0):  JavaThread "C2 CompilerThread0" daemon [_thread_in_native, id=21100, stack(0x000000029f900000,0x000000029fa00000)]


Current CompileTask:
C2:    562  925       4       sun.font.TrueTypeFont::initAllNames (182 bytes)

Stack: [0x000000029f900000,0x000000029fa00000]
Native frames: (J=compiled Java code, j=interpreted, Vv=VM code, C=native code)
V  [jvm.dll+0x66fa1a]
V  [jvm.dll+0x7ce5a4]
V  [jvm.dll+0x7cfd4e]
V  [jvm.dll+0x7d03b3]
V  [jvm.dll+0x242b05]
V  [jvm.dll+0xaa05b]
V  [jvm.dll+0xaa5ec]
V  [jvm.dll+0x35fa07]
V  [jvm.dll+0x329f51]
V  [jvm.dll+0x3293fa]
V  [jvm.dll+0x215bf1]
V  [jvm.dll+0x215011]
V  [jvm.dll+0x1a168d]
V  [jvm.dll+0x224848]
V  [jvm.dll+0x2229ac]
V  [jvm.dll+0x78435b]
V  [jvm.dll+0x77e91a]
V  [jvm.dll+0x66e845]
C  [ucrtbase.dll+0x26c0c]
C  [KERNEL32.DLL+0x154e0]
C  [ntdll.dll+0x485b]


---------------  P R O C E S S  ---------------

Threads class SMR info:
_java_thread_list=0x000001386e0f59a0, length=17, elements={
0x000001386c7b5000, 0x000001386c7b7e80, 0x000001386c7ced80, 0x000001386c7cf640,
0x000001386c7d1810, 0x000001386c7d3c40, 0x000001386c7d63a0, 0x000001386c7dee50,
0x000001386c7f3450, 0x000001386d23f710, 0x000001386d24bd10, 0x000001386d442470,
0x000001386d442940, 0x000001386d442e10, 0x000001386d4a1f50, 0x000001386d52cfc0,
0x0000013849743520
}

Java Threads: ( => current thread )
  0x000001386c7b5000 JavaThread "Reference Handler" daemon [_thread_blocked, id=23380, stack(0x000000029f300000,0x000000029f400000)]
  0x000001386c7b7e80 JavaThread "Finalizer" daemon [_thread_blocked, id=11392, stack(0x000000029f400000,0x000000029f500000)]
  0x000001386c7ced80 JavaThread "Signal Dispatcher" daemon [_thread_blocked, id=13704, stack(0x000000029f500000,0x000000029f600000)]
  0x000001386c7cf640 JavaThread "Attach Listener" daemon [_thread_blocked, id=12320, stack(0x000000029f600000,0x000000029f700000)]
  0x000001386c7d1810 JavaThread "Service Thread" daemon [_thread_blocked, id=15728, stack(0x000000029f700000,0x000000029f800000)]
  0x000001386c7d3c40 JavaThread "Monitor Deflation Thread" daemon [_thread_blocked, id=23060, stack(0x000000029f800000,0x000000029f900000)]
=>0x000001386c7d63a0 JavaThread "C2 CompilerThread0" daemon [_thread_in_native, id=21100, stack(0x000000029f900000,0x000000029fa00000)]
  0x000001386c7dee50 JavaThread "C1 CompilerThread0" daemon [_thread_blocked, id=24732, stack(0x000000029fa00000,0x000000029fb00000)]
  0x000001386c7f3450 JavaThread "Sweeper thread" daemon [_thread_blocked, id=13296, stack(0x000000029fb00000,0x000000029fc00000)]
  0x000001386d23f710 JavaThread "Notification Thread" daemon [_thread_blocked, id=5424, stack(0x000000029fc00000,0x000000029fd00000)]
  0x000001386d24bd10 JavaThread "Common-Cleaner" daemon [_thread_blocked, id=23520, stack(0x000000029fe00000,0x000000029ff00000)]
  0x000001386d442470 JavaThread "Java2D Disposer" daemon [_thread_blocked, id=24380, stack(0x000000029ff00000,0x00000002a0000000)]
  0x000001386d442940 JavaThread "AWT-Shutdown" [_thread_blocked, id=15724, stack(0x00000002a0000000,0x00000002a0100000)]
  0x000001386d442e10 JavaThread "AWT-Windows" daemon [_thread_in_native, id=19740, stack(0x00000002a0100000,0x00000002a0200000)]
  0x000001386d4a1f50 JavaThread "AWT-EventQueue-0" [_thread_blocked, id=23568, stack(0x00000002a0200000,0x00000002a0300000)]
  0x000001386d52cfc0 JavaThread "C2 CompilerThread1" daemon [_thread_blocked, id=5844, stack(0x00000002a0300000,0x00000002a0400000)]
  0x0000013849743520 JavaThread "DestroyJavaVM" [_thread_blocked, id=3424, stack(0x000000029ec00000,0x000000029ed00000)]

Other Threads:
  0x000001386c7b04f0 VMThread "VM Thread" [stack: 0x000000029f200000,0x000000029f300000] [id=9780]
  0x000001386d245250 WatcherThread [stack: 0x000000029fd00000,0x000000029fe00000] [id=12188]
  0x0000013849794100 GCTaskThread "GC Thread#0" [stack: 0x000000029ed00000,0x000000029ee00000] [id=21988]
  0x00000138497a5640 ConcurrentGCThread "G1 Main Marker" [stack: 0x000000029ee00000,0x000000029ef00000] [id=5656]
  0x00000138497a6050 ConcurrentGCThread "G1 Conc#0" [stack: 0x000000029ef00000,0x000000029f000000] [id=11420]
  0x000001384981d460 ConcurrentGCThread "G1 Refine#0" [stack: 0x000000029f000000,0x000000029f100000] [id=22480]
  0x000001384981de80 ConcurrentGCThread "G1 Service" [stack: 0x000000029f100000,0x000000029f200000] [id=15828]

Threads with active compile tasks:
C2 CompilerThread0      595  925       4       sun.font.TrueTypeFont::initAllNames (182 bytes)

VM state: not at safepoint (normal execution)

VM Mutex/Monitor currently owned by a thread: None

Heap address: 0x0000000702600000, size: 4058 MB, Compressed Oops mode: Zero based, Oop shift amount: 3

CDS archive(s) mapped at: [0x0000000800000000-0x0000000800bc0000-0x0000000800bc0000), size 12320768, SharedBaseAddress: 0x0000000800000000, ArchiveRelocationMode: 0.
Compressed class space mapped at: 0x0000000800c00000-0x0000000840c00000, reserved size: 1073741824
Narrow klass base: 0x0000000800000000, Narrow klass shift: 0, Narrow klass range: 0x100000000

GC Precious Log:
 CPUs: 12 total, 12 available
 Memory: 16224M
 Large Page Support: Disabled
 NUMA Support: Disabled
 Compressed Oops: Enabled (Zero based)
 Heap Region Size: 2M
 Heap Min Capacity: 8M
 Heap Initial Capacity: 254M
 Heap Max Capacity: 4058M
 Pre-touch: Disabled
 Parallel Workers: 10
 Concurrent Workers: 3
 Concurrent Refinement Workers: 10
 Periodic GC: Disabled

Heap:
 garbage-first heap   total 260096K, used 18432K [0x0000000702600000, 0x0000000800000000)
  region size 2048K, 10 young (20480K), 0 survivors (0K)
 Metaspace       used 6586K, committed 6784K, reserved 1056768K
  class space    used 713K, committed 832K, reserved 1048576K

Heap Regions: E=young(eden), S=young(survivor), O=old, HS=humongous(starts), HC=humongous(continues), CS=collection set, F=free, OA=open archive, CA=closed archive, TAMS=top-at-mark-start (previous, next)
|   0|0x0000000702600000, 0x0000000702600000, 0x0000000702800000|  0%| F|  |TAMS 0x0000000702600000, 0x0000000702600000| Untracked 
|   1|0x0000000702800000, 0x0000000702800000, 0x0000000702a00000|  0%| F|  |TAMS 0x0000000702800000, 0x0000000702800000| Untracked 
|   2|0x0000000702a00000, 0x0000000702a00000, 0x0000000702c00000|  0%| F|  |TAMS 0x0000000702a00000, 0x0000000702a00000| Untracked 
|   3|0x0000000702c00000, 0x0000000702c00000, 0x0000000702e00000|  0%| F|  |TAMS 0x0000000702c00000, 0x0000000702c00000| Untracked 
|   4|0x0000000702e00000, 0x0000000702e00000, 0x0000000703000000|  0%| F|  |TAMS 0x0000000702e00000, 0x0000000702e00000| Untracked 
|   5|0x0000000703000000, 0x0000000703000000, 0x0000000703200000|  0%| F|  |TAMS 0x0000000703000000, 0x0000000703000000| Untracked 
|   6|0x0000000703200000, 0x0000000703200000, 0x0000000703400000|  0%| F|  |TAMS 0x0000000703200000, 0x0000000703200000| Untracked 
|   7|0x0000000703400000, 0x0000000703400000, 0x0000000703600000|  0%| F|  |TAMS 0x0000000703400000, 0x0000000703400000| Untracked 
|   8|0x0000000703600000, 0x0000000703600000, 0x0000000703800000|  0%| F|  |TAMS 0x0000000703600000, 0x0000000703600000| Untracked 
|   9|0x0000000703800000, 0x0000000703800000, 0x0000000703a00000|  0%| F|  |TAMS 0x0000000703800000, 0x0000000703800000| Untracked 
|  10|0x0000000703a00000, 0x0000000703a00000, 0x0000000703c00000|  0%| F|  |TAMS 0x0000000703a00000, 0x0000000703a00000| Untracked 
|  11|0x0000000703c00000, 0x0000000703c00000, 0x0000000703e00000|  0%| F|  |TAMS 0x0000000703c00000, 0x0000000703c00000| Untracked 
|  12|0x0000000703e00000, 0x0000000703e00000, 0x0000000704000000|  0%| F|  |TAMS 0x0000000703e00000, 0x0000000703e00000| Untracked 
|  13|0x0000000704000000, 0x0000000704000000, 0x0000000704200000|  0%| F|  |TAMS 0x0000000704000000, 0x0000000704000000| Untracked 
|  14|0x0000000704200000, 0x0000000704200000, 0x0000000704400000|  0%| F|  |TAMS 0x0000000704200000, 0x0000000704200000| Untracked 
|  15|0x0000000704400000, 0x0000000704400000, 0x0000000704600000|  0%| F|  |TAMS 0x0000000704400000, 0x0000000704400000| Untracked 
|  16|0x0000000704600000, 0x0000000704600000, 0x0000000704800000|  0%| F|  |TAMS 0x0000000704600000, 0x0000000704600000| Untracked 
|  17|0x0000000704800000, 0x0000000704800000, 0x0000000704a00000|  0%| F|  |TAMS 0x0000000704800000, 0x0000000704800000| Untracked 
|  18|0x0000000704a00000, 0x0000000704a00000, 0x0000000704c00000|  0%| F|  |TAMS 0x0000000704a00000, 0x0000000704a00000| Untracked 
|  19|0x0000000704c00000, 0x0000000704c00000, 0x0000000704e00000|  0%| F|  |TAMS 0x0000000704c00000, 0x0000000704c00000| Untracked 
|  20|0x0000000704e00000, 0x0000000704e00000, 0x0000000705000000|  0%| F|  |TAMS 0x0000000704e00000, 0x0000000704e00000| Untracked 
|  21|0x0000000705000000, 0x0000000705000000, 0x0000000705200000|  0%| F|  |TAMS 0x0000000705000000, 0x0000000705000000| Untracked 
|  22|0x0000000705200000, 0x0000000705200000, 0x0000000705400000|  0%| F|  |TAMS 0x0000000705200000, 0x0000000705200000| Untracked 
|  23|0x0000000705400000, 0x0000000705400000, 0x0000000705600000|  0%| F|  |TAMS 0x0000000705400000, 0x0000000705400000| Untracked 
|  24|0x0000000705600000, 0x0000000705600000, 0x0000000705800000|  0%| F|  |TAMS 0x0000000705600000, 0x0000000705600000| Untracked 
|  25|0x0000000705800000, 0x0000000705800000, 0x0000000705a00000|  0%| F|  |TAMS 0x0000000705800000, 0x0000000705800000| Untracked 
|  26|0x0000000705a00000, 0x0000000705a00000, 0x0000000705c00000|  0%| F|  |TAMS 0x0000000705a00000, 0x0000000705a00000| Untracked 
|  27|0x0000000705c00000, 0x0000000705c00000, 0x0000000705e00000|  0%| F|  |TAMS 0x0000000705c00000, 0x0000000705c00000| Untracked 
|  28|0x0000000705e00000, 0x0000000705e00000, 0x0000000706000000|  0%| F|  |TAMS 0x0000000705e00000, 0x0000000705e00000| Untracked 
|  29|0x0000000706000000, 0x0000000706000000, 0x0000000706200000|  0%| F|  |TAMS 0x0000000706000000, 0x0000000706000000| Untracked 
|  30|0x0000000706200000, 0x0000000706200000, 0x0000000706400000|  0%| F|  |TAMS 0x0000000706200000, 0x0000000706200000| Untracked 
|  31|0x0000000706400000, 0x0000000706400000, 0x0000000706600000|  0%| F|  |TAMS 0x0000000706400000, 0x0000000706400000| Untracked 
|  32|0x0000000706600000, 0x0000000706600000, 0x0000000706800000|  0%| F|  |TAMS 0x0000000706600000, 0x0000000706600000| Untracked 
|  33|0x0000000706800000, 0x0000000706800000, 0x0000000706a00000|  0%| F|  |TAMS 0x0000000706800000, 0x0000000706800000| Untracked 
|  34|0x0000000706a00000, 0x0000000706a00000, 0x0000000706c00000|  0%| F|  |TAMS 0x0000000706a00000, 0x0000000706a00000| Untracked 
|  35|0x0000000706c00000, 0x0000000706c00000, 0x0000000706e00000|  0%| F|  |TAMS 0x0000000706c00000, 0x0000000706c00000| Untracked 
|  36|0x0000000706e00000, 0x0000000706e00000, 0x0000000707000000|  0%| F|  |TAMS 0x0000000706e00000, 0x0000000706e00000| Untracked 
|  37|0x0000000707000000, 0x0000000707000000, 0x0000000707200000|  0%| F|  |TAMS 0x0000000707000000, 0x0000000707000000| Untracked 
|  38|0x0000000707200000, 0x0000000707200000, 0x0000000707400000|  0%| F|  |TAMS 0x0000000707200000, 0x0000000707200000| Untracked 
|  39|0x0000000707400000, 0x0000000707400000, 0x0000000707600000|  0%| F|  |TAMS 0x0000000707400000, 0x0000000707400000| Untracked 
|  40|0x0000000707600000, 0x0000000707600000, 0x0000000707800000|  0%| F|  |TAMS 0x0000000707600000, 0x0000000707600000| Untracked 
|  41|0x0000000707800000, 0x0000000707800000, 0x0000000707a00000|  0%| F|  |TAMS 0x0000000707800000, 0x0000000707800000| Untracked 
|  42|0x0000000707a00000, 0x0000000707a00000, 0x0000000707c00000|  0%| F|  |TAMS 0x0000000707a00000, 0x0000000707a00000| Untracked 
|  43|0x0000000707c00000, 0x0000000707c00000, 0x0000000707e00000|  0%| F|  |TAMS 0x0000000707c00000, 0x0000000707c00000| Untracked 
|  44|0x0000000707e00000, 0x0000000707e00000, 0x0000000708000000|  0%| F|  |TAMS 0x0000000707e00000, 0x0000000707e00000| Untracked 
|  45|0x0000000708000000, 0x0000000708000000, 0x0000000708200000|  0%| F|  |TAMS 0x0000000708000000, 0x0000000708000000| Untracked 
|  46|0x0000000708200000, 0x0000000708200000, 0x0000000708400000|  0%| F|  |TAMS 0x0000000708200000, 0x0000000708200000| Untracked 
|  47|0x0000000708400000, 0x0000000708400000, 0x0000000708600000|  0%| F|  |TAMS 0x0000000708400000, 0x0000000708400000| Untracked 
|  48|0x0000000708600000, 0x0000000708600000, 0x0000000708800000|  0%| F|  |TAMS 0x0000000708600000, 0x0000000708600000| Untracked 
|  49|0x0000000708800000, 0x0000000708800000, 0x0000000708a00000|  0%| F|  |TAMS 0x0000000708800000, 0x0000000708800000| Untracked 
|  50|0x0000000708a00000, 0x0000000708a00000, 0x0000000708c00000|  0%| F|  |TAMS 0x0000000708a00000, 0x0000000708a00000| Untracked 
|  51|0x0000000708c00000, 0x0000000708c00000, 0x0000000708e00000|  0%| F|  |TAMS 0x0000000708c00000, 0x0000000708c00000| Untracked 
|  52|0x0000000708e00000, 0x0000000708e00000, 0x0000000709000000|  0%| F|  |TAMS 0x0000000708e00000, 0x0000000708e00000| Untracked 
|  53|0x0000000709000000, 0x0000000709000000, 0x0000000709200000|  0%| F|  |TAMS 0x0000000709000000, 0x0000000709000000| Untracked 
|  54|0x0000000709200000, 0x0000000709200000, 0x0000000709400000|  0%| F|  |TAMS 0x0000000709200000, 0x0000000709200000| Untracked 
|  55|0x0000000709400000, 0x0000000709400000, 0x0000000709600000|  0%| F|  |TAMS 0x0000000709400000, 0x0000000709400000| Untracked 
|  56|0x0000000709600000, 0x0000000709600000, 0x0000000709800000|  0%| F|  |TAMS 0x0000000709600000, 0x0000000709600000| Untracked 
|  57|0x0000000709800000, 0x0000000709800000, 0x0000000709a00000|  0%| F|  |TAMS 0x0000000709800000, 0x0000000709800000| Untracked 
|  58|0x0000000709a00000, 0x0000000709a00000, 0x0000000709c00000|  0%| F|  |TAMS 0x0000000709a00000, 0x0000000709a00000| Untracked 
|  59|0x0000000709c00000, 0x0000000709c00000, 0x0000000709e00000|  0%| F|  |TAMS 0x0000000709c00000, 0x0000000709c00000| Untracked 
|  60|0x0000000709e00000, 0x0000000709e00000, 0x000000070a000000|  0%| F|  |TAMS 0x0000000709e00000, 0x0000000709e00000| Untracked 
|  61|0x000000070a000000, 0x000000070a000000, 0x000000070a200000|  0%| F|  |TAMS 0x000000070a000000, 0x000000070a000000| Untracked 
|  62|0x000000070a200000, 0x000000070a200000, 0x000000070a400000|  0%| F|  |TAMS 0x000000070a200000, 0x000000070a200000| Untracked 
|  63|0x000000070a400000, 0x000000070a400000, 0x000000070a600000|  0%| F|  |TAMS 0x000000070a400000, 0x000000070a400000| Untracked 
|  64|0x000000070a600000, 0x000000070a600000, 0x000000070a800000|  0%| F|  |TAMS 0x000000070a600000, 0x000000070a600000| Untracked 
|  65|0x000000070a800000, 0x000000070a800000, 0x000000070aa00000|  0%| F|  |TAMS 0x000000070a800000, 0x000000070a800000| Untracked 
|  66|0x000000070aa00000, 0x000000070aa00000, 0x000000070ac00000|  0%| F|  |TAMS 0x000000070aa00000, 0x000000070aa00000| Untracked 
|  67|0x000000070ac00000, 0x000000070ac00000, 0x000000070ae00000|  0%| F|  |TAMS 0x000000070ac00000, 0x000000070ac00000| Untracked 
|  68|0x000000070ae00000, 0x000000070ae00000, 0x000000070b000000|  0%| F|  |TAMS 0x000000070ae00000, 0x000000070ae00000| Untracked 
|  69|0x000000070b000000, 0x000000070b000000, 0x000000070b200000|  0%| F|  |TAMS 0x000000070b000000, 0x000000070b000000| Untracked 
|  70|0x000000070b200000, 0x000000070b200000, 0x000000070b400000|  0%| F|  |TAMS 0x000000070b200000, 0x000000070b200000| Untracked 
|  71|0x000000070b400000, 0x000000070b400000, 0x000000070b600000|  0%| F|  |TAMS 0x000000070b400000, 0x000000070b400000| Untracked 
|  72|0x000000070b600000, 0x000000070b600000, 0x000000070b800000|  0%| F|  |TAMS 0x000000070b600000, 0x000000070b600000| Untracked 
|  73|0x000000070b800000, 0x000000070b800000, 0x000000070ba00000|  0%| F|  |TAMS 0x000000070b800000, 0x000000070b800000| Untracked 
|  74|0x000000070ba00000, 0x000000070ba00000, 0x000000070bc00000|  0%| F|  |TAMS 0x000000070ba00000, 0x000000070ba00000| Untracked 
|  75|0x000000070bc00000, 0x000000070bc00000, 0x000000070be00000|  0%| F|  |TAMS 0x000000070bc00000, 0x000000070bc00000| Untracked 
|  76|0x000000070be00000, 0x000000070be00000, 0x000000070c000000|  0%| F|  |TAMS 0x000000070be00000, 0x000000070be00000| Untracked 
|  77|0x000000070c000000, 0x000000070c000000, 0x000000070c200000|  0%| F|  |TAMS 0x000000070c000000, 0x000000070c000000| Untracked 
|  78|0x000000070c200000, 0x000000070c200000, 0x000000070c400000|  0%| F|  |TAMS 0x000000070c200000, 0x000000070c200000| Untracked 
|  79|0x000000070c400000, 0x000000070c400000, 0x000000070c600000|  0%| F|  |TAMS 0x000000070c400000, 0x000000070c400000| Untracked 
|  80|0x000000070c600000, 0x000000070c600000, 0x000000070c800000|  0%| F|  |TAMS 0x000000070c600000, 0x000000070c600000| Untracked 
|  81|0x000000070c800000, 0x000000070c800000, 0x000000070ca00000|  0%| F|  |TAMS 0x000000070c800000, 0x000000070c800000| Untracked 
|  82|0x000000070ca00000, 0x000000070ca00000, 0x000000070cc00000|  0%| F|  |TAMS 0x000000070ca00000, 0x000000070ca00000| Untracked 
|  83|0x000000070cc00000, 0x000000070cc00000, 0x000000070ce00000|  0%| F|  |TAMS 0x000000070cc00000, 0x000000070cc00000| Untracked 
|  84|0x000000070ce00000, 0x000000070ce00000, 0x000000070d000000|  0%| F|  |TAMS 0x000000070ce00000, 0x000000070ce00000| Untracked 
|  85|0x000000070d000000, 0x000000070d000000, 0x000000070d200000|  0%| F|  |TAMS 0x000000070d000000, 0x000000070d000000| Untracked 
|  86|0x000000070d200000, 0x000000070d200000, 0x000000070d400000|  0%| F|  |TAMS 0x000000070d200000, 0x000000070d200000| Untracked 
|  87|0x000000070d400000, 0x000000070d400000, 0x000000070d600000|  0%| F|  |TAMS 0x000000070d400000, 0x000000070d400000| Untracked 
|  88|0x000000070d600000, 0x000000070d600000, 0x000000070d800000|  0%| F|  |TAMS 0x000000070d600000, 0x000000070d600000| Untracked 
|  89|0x000000070d800000, 0x000000070d800000, 0x000000070da00000|  0%| F|  |TAMS 0x000000070d800000, 0x000000070d800000| Untracked 
|  90|0x000000070da00000, 0x000000070da00000, 0x000000070dc00000|  0%| F|  |TAMS 0x000000070da00000, 0x000000070da00000| Untracked 
|  91|0x000000070dc00000, 0x000000070dc00000, 0x000000070de00000|  0%| F|  |TAMS 0x000000070dc00000, 0x000000070dc00000| Untracked 
|  92|0x000000070de00000, 0x000000070de00000, 0x000000070e000000|  0%| F|  |TAMS 0x000000070de00000, 0x000000070de00000| Untracked 
|  93|0x000000070e000000, 0x000000070e000000, 0x000000070e200000|  0%| F|  |TAMS 0x000000070e000000, 0x000000070e000000| Untracked 
|  94|0x000000070e200000, 0x000000070e200000, 0x000000070e400000|  0%| F|  |TAMS 0x000000070e200000, 0x000000070e200000| Untracked 
|  95|0x000000070e400000, 0x000000070e400000, 0x000000070e600000|  0%| F|  |TAMS 0x000000070e400000, 0x000000070e400000| Untracked 
|  96|0x000000070e600000, 0x000000070e600000, 0x000000070e800000|  0%| F|  |TAMS 0x000000070e600000, 0x000000070e600000| Untracked 
|  97|0x000000070e800000, 0x000000070e800000, 0x000000070ea00000|  0%| F|  |TAMS 0x000000070e800000, 0x000000070e800000| Untracked 
|  98|0x000000070ea00000, 0x000000070ea00000, 0x000000070ec00000|  0%| F|  |TAMS 0x000000070ea00000, 0x000000070ea00000| Untracked 
|  99|0x000000070ec00000, 0x000000070ec00000, 0x000000070ee00000|  0%| F|  |TAMS 0x000000070ec00000, 0x000000070ec00000| Untracked 
| 100|0x000000070ee00000, 0x000000070ee00000, 0x000000070f000000|  0%| F|  |TAMS 0x000000070ee00000, 0x000000070ee00000| Untracked 
| 101|0x000000070f000000, 0x000000070f000000, 0x000000070f200000|  0%| F|  |TAMS 0x000000070f000000, 0x000000070f000000| Untracked 
| 102|0x000000070f200000, 0x000000070f200000, 0x000000070f400000|  0%| F|  |TAMS 0x000000070f200000, 0x000000070f200000| Untracked 
| 103|0x000000070f400000, 0x000000070f400000, 0x000000070f600000|  0%| F|  |TAMS 0x000000070f400000, 0x000000070f400000| Untracked 
| 104|0x000000070f600000, 0x000000070f600000, 0x000000070f800000|  0%| F|  |TAMS 0x000000070f600000, 0x000000070f600000| Untracked 
| 105|0x000000070f800000, 0x000000070f800000, 0x000000070fa00000|  0%| F|  |TAMS 0x000000070f800000, 0x000000070f800000| Untracked 
| 106|0x000000070fa00000, 0x000000070fa00000, 0x000000070fc00000|  0%| F|  |TAMS 0x000000070fa00000, 0x000000070fa00000| Untracked 
| 107|0x000000070fc00000, 0x000000070fc00000, 0x000000070fe00000|  0%| F|  |TAMS 0x000000070fc00000, 0x000000070fc00000| Untracked 
| 108|0x000000070fe00000, 0x000000070fe00000, 0x0000000710000000|  0%| F|  |TAMS 0x000000070fe00000, 0x000000070fe00000| Untracked 
| 109|0x0000000710000000, 0x0000000710000000, 0x0000000710200000|  0%| F|  |TAMS 0x0000000710000000, 0x0000000710000000| Untracked 
| 110|0x0000000710200000, 0x0000000710200000, 0x0000000710400000|  0%| F|  |TAMS 0x0000000710200000, 0x0000000710200000| Untracked 
| 111|0x0000000710400000, 0x0000000710400000, 0x0000000710600000|  0%| F|  |TAMS 0x0000000710400000, 0x0000000710400000| Untracked 
| 112|0x0000000710600000, 0x0000000710600000, 0x0000000710800000|  0%| F|  |TAMS 0x0000000710600000, 0x0000000710600000| Untracked 
| 113|0x0000000710800000, 0x0000000710800000, 0x0000000710a00000|  0%| F|  |TAMS 0x0000000710800000, 0x0000000710800000| Untracked 
| 114|0x0000000710a00000, 0x0000000710a00000, 0x0000000710c00000|  0%| F|  |TAMS 0x0000000710a00000, 0x0000000710a00000| Untracked 
| 115|0x0000000710c00000, 0x0000000710c00000, 0x0000000710e00000|  0%| F|  |TAMS 0x0000000710c00000, 0x0000000710c00000| Untracked 
| 116|0x0000000710e00000, 0x0000000710e00000, 0x0000000711000000|  0%| F|  |TAMS 0x0000000710e00000, 0x0000000710e00000| Untracked 
| 117|0x0000000711000000, 0x00000007111c6980, 0x0000000711200000| 88%| E|  |TAMS 0x0000000711000000, 0x0000000711000000| Complete 
| 118|0x0000000711200000, 0x0000000711400000, 0x0000000711400000|100%| E|CS|TAMS 0x0000000711200000, 0x0000000711200000| Complete 
| 119|0x0000000711400000, 0x0000000711600000, 0x0000000711600000|100%| E|CS|TAMS 0x0000000711400000, 0x0000000711400000| Complete 
| 120|0x0000000711600000, 0x0000000711800000, 0x0000000711800000|100%| E|CS|TAMS 0x0000000711600000, 0x0000000711600000| Complete 
| 121|0x0000000711800000, 0x0000000711a00000, 0x0000000711a00000|100%| E|CS|TAMS 0x0000000711800000, 0x0000000711800000| Complete 
| 122|0x0000000711a00000, 0x0000000711c00000, 0x0000000711c00000|100%| E|CS|TAMS 0x0000000711a00000, 0x0000000711a00000| Complete 
| 123|0x0000000711c00000, 0x0000000711e00000, 0x0000000711e00000|100%| E|CS|TAMS 0x0000000711c00000, 0x0000000711c00000| Complete 
| 124|0x0000000711e00000, 0x0000000712000000, 0x0000000712000000|100%| E|CS|TAMS 0x0000000711e00000, 0x0000000711e00000| Complete 
| 125|0x0000000712000000, 0x0000000712200000, 0x0000000712200000|100%| E|CS|TAMS 0x0000000712000000, 0x0000000712000000| Complete 
| 126|0x0000000712200000, 0x0000000712400000, 0x0000000712400000|100%| E|CS|TAMS 0x0000000712200000, 0x0000000712200000| Complete 

Card table byte_map: [0x0000013860c90000,0x0000013861480000] _byte_map_base: 0x000001385d47d000

Marking Bits (Prev, Next): (CMBitMap*) 0x0000013849794710, (CMBitMap*) 0x0000013849794750
 Prev Bits: [0x0000013861c70000, 0x0000013865bd8000)
 Next Bits: [0x0000013865be0000, 0x0000013869b48000)

Polling page: 0x00000138476e0000

Metaspace:

Usage:
  Non-class:      5.74 MB used.
      Class:    713.91 KB used.
       Both:      6.43 MB used.

Virtual space:
  Non-class space:        8.00 MB reserved,       5.81 MB ( 73%) committed,  1 nodes.
      Class space:        1.00 GB reserved,     832.00 KB ( <1%) committed,  1 nodes.
             Both:        1.01 GB reserved,       6.62 MB ( <1%) committed. 

Chunk freelists:
   Non-Class:  2.13 MB
       Class:  3.24 MB
        Both:  5.38 MB

MaxMetaspaceSize: unlimited
CompressedClassSpaceSize: 1.00 GB
Initial GC threshold: 21.00 MB
Current GC threshold: 21.00 MB
CDS: on
MetaspaceReclaimPolicy: balanced
 - commit_granule_bytes: 65536.
 - commit_granule_words: 8192.
 - virtual_space_node_default_size: 1048576.
 - enlarge_chunks_in_place: 1.
 - new_chunks_are_fully_committed: 0.
 - uncommit_free_chunks: 1.
 - use_allocation_guard: 0.
 - handle_deallocations: 1.


Internal statistics:

num_allocs_failed_limit: 0.
num_arena_births: 106.
num_arena_deaths: 0.
num_vsnodes_births: 2.
num_vsnodes_deaths: 0.
num_space_committed: 106.
num_space_uncommitted: 0.
num_chunks_returned_to_freelist: 0.
num_chunks_taken_from_freelist: 151.
num_chunk_merges: 0.
num_chunk_splits: 81.
num_chunks_enlarged: 22.
num_purges: 0.
num_inconsistent_stats: 0.

CodeHeap 'non-profiled nmethods': size=120000Kb used=301Kb max_used=301Kb free=119698Kb
 bounds [0x0000013858a20000, 0x0000013858c90000, 0x000001385ff50000]
CodeHeap 'profiled nmethods': size=120000Kb used=1568Kb max_used=1568Kb free=118431Kb
 bounds [0x00000138514f0000, 0x0000013851760000, 0x0000013858a20000]
CodeHeap 'non-nmethods': size=5760Kb used=1234Kb max_used=1253Kb free=4526Kb
 bounds [0x0000013850f50000, 0x00000138511c0000, 0x00000138514f0000]
 total_blobs=1504 nmethods=955 adapters=462
 compilation: enabled
              stopped_count=0, restarted_count=0
 full_count=0

Compilation events (20 events):
Event: 0.504 Thread 0x000001386c7dee50 nmethod 946 0x0000013851676410 code [0x00000138516765c0, 0x0000013851676858]
Event: 0.506 Thread 0x000001386d52cfc0 nmethod 940 0x0000013858a69910 code [0x0000013858a69a80, 0x0000013858a69db8]
Event: 0.506 Thread 0x000001386c7dee50  947       3       java.util.ArrayList$Itr::next (66 bytes)
Event: 0.506 Thread 0x000001386c7dee50 nmethod 947 0x0000013851676990 code [0x0000013851676b80, 0x0000013851676f48]
Event: 0.507 Thread 0x000001386c7dee50  948       3       java.awt.Component::checkTreeLock (21 bytes)
Event: 0.507 Thread 0x000001386c7dee50 nmethod 948 0x0000013851677110 code [0x00000138516772e0, 0x0000013851677578]
Event: 0.513 Thread 0x000001386c7dee50  950       3       java.awt.Component::getParent (5 bytes)
Event: 0.514 Thread 0x000001386c7dee50 nmethod 950 0x0000013851677690 code [0x0000013851677820, 0x0000013851677938]
Event: 0.515 Thread 0x000001386c7dee50  951       1       java.lang.Boolean::booleanValue (5 bytes)
Event: 0.515 Thread 0x000001386c7dee50 nmethod 951 0x0000013858a6a310 code [0x0000013858a6a4a0, 0x0000013858a6a578]
Event: 0.516 Thread 0x000001386c7dee50  952       3       java.security.AccessController::executePrivileged (65 bytes)
Event: 0.516 Thread 0x000001386c7dee50 nmethod 952 0x0000013851677a10 code [0x0000013851677be0, 0x0000013851677ed8]
Event: 0.529 Thread 0x000001386c7dee50  954       3       sun.util.locale.LocaleUtils::isUpper (18 bytes)
Event: 0.530 Thread 0x000001386c7dee50 nmethod 954 0x0000013851678010 code [0x00000138516781a0, 0x0000013851678318]
Event: 0.539 Thread 0x000001386d52cfc0  955       4       java.util.ArrayList::indexOfRange (71 bytes)
Event: 0.541 Thread 0x000001386c7dee50  956       1       java.awt.AWTEvent::getID (5 bytes)
Event: 0.541 Thread 0x000001386c7dee50 nmethod 956 0x0000013858a6a910 code [0x0000013858a6aaa0, 0x0000013858a6ab78]
Event: 0.542 Thread 0x000001386c7dee50  957       1       java.util.concurrent.locks.AbstractOwnableSynchronizer::setExclusiveOwnerThread (6 bytes)
Event: 0.542 Thread 0x000001386c7dee50 nmethod 957 0x0000013858a6ac10 code [0x0000013858a6ada0, 0x0000013858a6aeb8]
Event: 0.542 Thread 0x000001386d52cfc0 nmethod 955 0x0000013858a6af10 code [0x0000013858a6b0a0, 0x0000013858a6b458]

GC Heap History (0 events):
No events

Deoptimization events (20 events):
Event: 0.500 Thread 0x000001386d4a1f50 Uncommon trap: trap_request=0xffffff76 fr.pc=0x0000013858a4dfdc relative=0x000000000000023c
Event: 0.500 Thread 0x000001386d4a1f50 Uncommon trap: reason=predicate action=maybe_recompile pc=0x0000013858a4dfdc method=java.util.ArrayList.indexOfRange(Ljava/lang/Object;II)I @ 45 c2
Event: 0.500 Thread 0x000001386d4a1f50 DEOPT PACKING pc=0x0000013858a4dfdc sp=0x00000002a02fdf00
Event: 0.500 Thread 0x000001386d4a1f50 DEOPT UNPACKING pc=0x0000013850fa23a3 sp=0x00000002a02fde88 mode 2
Event: 0.517 Thread 0x000001386d4a1f50 Uncommon trap: trap_request=0xffffffde fr.pc=0x0000013858a50850 relative=0x0000000000000490
Event: 0.517 Thread 0x000001386d4a1f50 Uncommon trap: reason=class_check action=maybe_recompile pc=0x0000013858a50850 method=java.util.HashMap.getNode(Ljava/lang/Object;)Ljava/util/HashMap$Node; @ 63 c2
Event: 0.517 Thread 0x000001386d4a1f50 DEOPT PACKING pc=0x0000013858a50850 sp=0x00000002a02fd650
Event: 0.517 Thread 0x000001386d4a1f50 DEOPT UNPACKING pc=0x0000013850fa23a3 sp=0x00000002a02fd5c8 mode 2
Event: 0.523 Thread 0x000001386d4a1f50 Uncommon trap: trap_request=0xffffffde fr.pc=0x0000013858a50850 relative=0x0000000000000490
Event: 0.523 Thread 0x000001386d4a1f50 Uncommon trap: reason=class_check action=maybe_recompile pc=0x0000013858a50850 method=java.util.HashMap.getNode(Ljava/lang/Object;)Ljava/util/HashMap$Node; @ 63 c2
Event: 0.523 Thread 0x000001386d4a1f50 DEOPT PACKING pc=0x0000013858a50850 sp=0x00000002a02fd540
Event: 0.523 Thread 0x000001386d4a1f50 DEOPT UNPACKING pc=0x0000013850fa23a3 sp=0x00000002a02fd4b8 mode 2
Event: 0.524 Thread 0x000001386d4a1f50 Uncommon trap: trap_request=0xffffffde fr.pc=0x0000013858a50850 relative=0x0000000000000490
Event: 0.524 Thread 0x000001386d4a1f50 Uncommon trap: reason=class_check action=maybe_recompile pc=0x0000013858a50850 method=java.util.HashMap.getNode(Ljava/lang/Object;)Ljava/util/HashMap$Node; @ 63 c2
Event: 0.524 Thread 0x000001386d4a1f50 DEOPT PACKING pc=0x0000013858a50850 sp=0x00000002a02fd650
Event: 0.524 Thread 0x000001386d4a1f50 DEOPT UNPACKING pc=0x0000013850fa23a3 sp=0x00000002a02fd5c8 mode 2
Event: 0.527 Thread 0x000001386d4a1f50 Uncommon trap: trap_request=0xffffffde fr.pc=0x0000013858a50850 relative=0x0000000000000490
Event: 0.527 Thread 0x000001386d4a1f50 Uncommon trap: reason=class_check action=maybe_recompile pc=0x0000013858a50850 method=java.util.HashMap.getNode(Ljava/lang/Object;)Ljava/util/HashMap$Node; @ 63 c2
Event: 0.527 Thread 0x000001386d4a1f50 DEOPT PACKING pc=0x0000013858a50850 sp=0x00000002a02fd540
Event: 0.527 Thread 0x000001386d4a1f50 DEOPT UNPACKING pc=0x0000013850fa23a3 sp=0x00000002a02fd4b8 mode 2

Classes unloaded (0 events):
No events

Classes redefined (0 events):
No events

Internal exceptions (15 events):
Event: 0.069 Thread 0x0000013849743520 Exception <a 'java/lang/ClassNotFoundException'{0x000000071239ae70}: sun/awt/resources/spi/awtProvider> (0x000000071239ae70) 
thrown [t:\workspace\open\src\hotspot\share\classfile\systemDictionary.cpp, line 256]
Event: 0.086 Thread 0x0000013849743520 Exception <a 'java/io/FileNotFoundException'{0x00000007123f3d38}> (0x00000007123f3d38) 
thrown [t:\workspace\open\src\hotspot\share\prims\jni.cpp, line 516]
Event: 0.091 Thread 0x0000013849743520 Exception <a 'java/io/FileNotFoundException'{0x00000007120211f8}> (0x00000007120211f8) 
thrown [t:\workspace\open\src\hotspot\share\prims\jni.cpp, line 516]
Event: 0.121 Thread 0x0000013849743520 Exception <a 'java/lang/NoSuchMethodError'{0x000000071206b850}: 'java.lang.Object java.lang.invoke.DirectMethodHandle$Holder.invokeStaticInit(java.lang.Object)'> (0x000000071206b850) 
thrown [t:\workspace\open\src\hotspot\share\interpreter\linkResolver.cpp, line 766]
Event: 0.144 Thread 0x0000013849743520 Exception <a 'java/lang/NoSuchMethodError'{0x00000007120b5a00}: 'void java.lang.invoke.DirectMethodHandle$Holder.invokeSpecial(java.lang.Object, java.lang.Object, java.lang.Object)'> (0x00000007120b5a00) 
thrown [t:\workspace\open\src\hotspot\share\interpreter\linkResolver.cpp, line 766]
Event: 0.150 Thread 0x0000013849743520 Exception <a 'java/lang/NoSuchMethodError'{0x00000007120dfbd8}: 'java.lang.Object java.lang.invoke.DirectMethodHandle$Holder.newInvokeSpecial(java.lang.Object, java.lang.Object, java.lang.Object, java.lang.Object, java.lang.Object)'> (0x00000007120dfbd8) 
thrown [t:\workspace\open\src\hotspot\share\interpreter\linkResolver.cpp, line 766]
Event: 0.151 Thread 0x0000013849743520 Exception <a 'java/lang/NoSuchMethodError'{0x000000071215c278}: 'java.lang.Object java.lang.invoke.DirectMethodHandle$Holder.invokeStatic(java.lang.Object, int, java.lang.Object, java.lang.Object, java.lang.Object, java.lang.Object)'> (0x000000071215c278) 
thrown [t:\workspace\open\src\hotspot\share\interpreter\linkResolver.cpp, line 766]
Event: 0.155 Thread 0x0000013849743520 Exception <a 'java/lang/NoSuchMethodError'{0x0000000712181a38}: 'java.lang.Object java.lang.invoke.DirectMethodHandle$Holder.invokeStatic(java.lang.Object, int, java.lang.Object)'> (0x0000000712181a38) 
thrown [t:\workspace\open\src\hotspot\share\interpreter\linkResolver.cpp, line 766]
Event: 0.176 Thread 0x0000013849743520 Exception <a 'java/lang/ClassNotFoundException'{0x0000000711e39950}: com/sun/swing/internal/plaf/metal/resources/spi/metalProvider> (0x0000000711e39950) 
thrown [t:\workspace\open\src\hotspot\share\classfile\systemDictionary.cpp, line 256]
Event: 0.177 Thread 0x0000013849743520 Exception <a 'java/lang/ClassNotFoundException'{0x0000000711e3d7d8}: com/sun/swing/internal/plaf/basic/resources/spi/basicProvider> (0x0000000711e3d7d8) 
thrown [t:\workspace\open\src\hotspot\share\classfile\systemDictionary.cpp, line 256]
Event: 0.200 Thread 0x0000013849743520 Exception <a 'java/lang/NoSuchMethodError'{0x0000000711eefc70}: 'void java.lang.invoke.DirectMethodHandle$Holder.invokeStaticInit(java.lang.Object)'> (0x0000000711eefc70) 
thrown [t:\workspace\open\src\hotspot\share\interpreter\linkResolver.cpp, line 766]
Event: 0.258 Thread 0x0000013849743520 Exception <a 'java/io/FileNotFoundException'{0x0000000711c053a8}> (0x0000000711c053a8) 
thrown [t:\workspace\open\src\hotspot\share\prims\jni.cpp, line 516]
Event: 0.291 Thread 0x0000013849743520 Exception <a 'java/io/FileNotFoundException'{0x0000000711d46cb0}> (0x0000000711d46cb0) 
thrown [t:\workspace\open\src\hotspot\share\prims\jni.cpp, line 516]
Event: 0.463 Thread 0x0000013849743520 Implicit null exception at 0x0000013858a5dc05 to 0x0000013858a6213c
Event: 0.497 Thread 0x000001386d442e10 Exception <a 'java/lang/NoSuchMethodError'{0x00000007120f2258}: 'void java.lang.invoke.DirectMethodHandle$Holder.invokeVirtual(java.lang.Object, java.lang.Object)'> (0x00000007120f2258) 
thrown [t:\workspace\open\src\hotspot\share\interpreter\linkResolver.cpp, line 766]

VM Operations (12 events):
Event: 0.176 Executing VM operation: HandshakeAllThreads
Event: 0.176 Executing VM operation: HandshakeAllThreads done
Event: 0.184 Executing VM operation: HandshakeAllThreads
Event: 0.184 Executing VM operation: HandshakeAllThreads done
Event: 0.212 Executing VM operation: HandshakeAllThreads
Event: 0.212 Executing VM operation: HandshakeAllThreads done
Event: 0.473 Executing VM operation: HandshakeAllThreads
Event: 0.473 Executing VM operation: HandshakeAllThreads done
Event: 0.474 Executing VM operation: HandshakeAllThreads
Event: 0.474 Executing VM operation: HandshakeAllThreads done
Event: 0.500 Executing VM operation: HandshakeAllThreads
Event: 0.500 Executing VM operation: HandshakeAllThreads done

Events (20 events):
Event: 0.538 loading class java/awt/TextComponent
Event: 0.538 loading class java/awt/TextComponent done
Event: 0.538 loading class javax/swing/text/JTextComponent
Event: 0.539 loading class javax/swing/Scrollable
Event: 0.539 loading class javax/swing/Scrollable done
Event: 0.539 loading class javax/swing/text/JTextComponent done
Event: 0.541 loading class java/awt/Container$MouseEventTargetFilter
Event: 0.541 loading class java/awt/Container$EventTargetFilter
Event: 0.541 loading class java/awt/Container$EventTargetFilter done
Event: 0.541 loading class java/awt/Container$MouseEventTargetFilter done
Event: 0.541 loading class java/awt/LightweightDispatcher$1
Event: 0.541 loading class java/awt/LightweightDispatcher$1 done
Event: 0.541 loading class java/awt/event/AWTEventListenerProxy
Event: 0.541 loading class java/awt/event/AWTEventListenerProxy done
Event: 0.541 loading class java/awt/Toolkit$SelectiveAWTEventListener
Event: 0.541 loading class java/awt/Toolkit$SelectiveAWTEventListener done
Event: 0.541 loading class java/awt/Toolkit$ToolkitEventMulticaster
Event: 0.541 loading class java/awt/Toolkit$ToolkitEventMulticaster done
Event: 0.541 loading class java/awt/event/MouseWheelEvent
Event: 0.541 loading class java/awt/event/MouseWheelEvent done


Dynamic libraries:
0x00007ff67c8c0000 - 0x00007ff67c8d0000 	C:\Program Files\Java\jdk-17.0.1\bin\javaw.exe
0x00007ff8a9bc0000 - 0x00007ff8a9dc7000 	C:\WINDOWS\SYSTEM32\ntdll.dll
0x00007ff85b040000 - 0x00007ff85b056000 	C:\Program Files\Avast Software\Avast\aswhook.dll
0x00007ff8a8dc0000 - 0x00007ff8a8e7d000 	C:\WINDOWS\System32\KERNEL32.DLL
0x00007ff8a7270000 - 0x00007ff8a75e4000 	C:\WINDOWS\System32\KERNELBASE.dll
0x00007ff8a7870000 - 0x00007ff8a7981000 	C:\WINDOWS\System32\ucrtbase.dll
0x00007ff8748c0000 - 0x00007ff8748d8000 	C:\Program Files\Java\jdk-17.0.1\bin\jli.dll
0x00007ff86e6e0000 - 0x00007ff86e6fa000 	C:\Program Files\Java\jdk-17.0.1\bin\VCRUNTIME140.dll
0x00007ff8a9a60000 - 0x00007ff8a9b0c000 	C:\WINDOWS\System32\ADVAPI32.dll
0x00007ff8a9710000 - 0x00007ff8a97b3000 	C:\WINDOWS\System32\msvcrt.dll
0x00007ff8a97e0000 - 0x00007ff8a987d000 	C:\WINDOWS\System32\sechost.dll
0x00007ff8a9930000 - 0x00007ff8a9a51000 	C:\WINDOWS\System32\RPCRT4.dll
0x00007ff8a8280000 - 0x00007ff8a842c000 	C:\WINDOWS\System32\USER32.dll
0x00007ff8a71c0000 - 0x00007ff8a71e6000 	C:\WINDOWS\System32\win32u.dll
0x00007ff88b490000 - 0x00007ff88b735000 	C:\WINDOWS\WinSxS\amd64_microsoft.windows.common-controls_6595b64144ccf1df_6.0.22000.120_none_9d947278b86cc467\COMCTL32.dll
0x00007ff8a8a00000 - 0x00007ff8a8a29000 	C:\WINDOWS\System32\GDI32.dll
0x00007ff8a70a0000 - 0x00007ff8a71b2000 	C:\WINDOWS\System32\gdi32full.dll
0x00007ff8a7760000 - 0x00007ff8a77fd000 	C:\WINDOWS\System32\msvcp_win.dll
0x00007ff89dff0000 - 0x00007ff89dffa000 	C:\WINDOWS\SYSTEM32\VERSION.dll
0x00007ff8a98f0000 - 0x00007ff8a9921000 	C:\WINDOWS\System32\IMM32.DLL
0x00007ff885f80000 - 0x00007ff885f8c000 	C:\Program Files\Java\jdk-17.0.1\bin\vcruntime140_1.dll
0x00007ff85a320000 - 0x00007ff85a3ad000 	C:\Program Files\Java\jdk-17.0.1\bin\msvcp140.dll
0x00007ff84d470000 - 0x00007ff84e02e000 	C:\Program Files\Java\jdk-17.0.1\bin\server\jvm.dll
0x00007ff8a8430000 - 0x00007ff8a8438000 	C:\WINDOWS\System32\PSAPI.DLL
0x00007ff88df30000 - 0x00007ff88df39000 	C:\WINDOWS\SYSTEM32\WSOCK32.dll
0x00007ff8a0f40000 - 0x00007ff8a0f73000 	C:\WINDOWS\SYSTEM32\WINMM.dll
0x00007ff8a9880000 - 0x00007ff8a98ef000 	C:\WINDOWS\System32\WS2_32.dll
0x00007ff8a6220000 - 0x00007ff8a6238000 	C:\WINDOWS\SYSTEM32\kernel.appcore.dll
0x00007ff870c50000 - 0x00007ff870c5a000 	C:\Program Files\Java\jdk-17.0.1\bin\jimage.dll
0x00007ff8a4c20000 - 0x00007ff8a4e41000 	C:\WINDOWS\SYSTEM32\DBGHELP.DLL
0x00007ff8927d0000 - 0x00007ff892801000 	C:\WINDOWS\SYSTEM32\dbgcore.DLL
0x00007ff8a71f0000 - 0x00007ff8a726f000 	C:\WINDOWS\System32\bcryptPrimitives.dll
0x00007ff865400000 - 0x00007ff865425000 	C:\Program Files\Java\jdk-17.0.1\bin\java.dll
0x00007ff857f70000 - 0x00007ff858046000 	C:\Program Files\Java\jdk-17.0.1\bin\svml.dll
0x00007ff8a7ad0000 - 0x00007ff8a827e000 	C:\WINDOWS\System32\SHELL32.dll
0x00007ff8a5210000 - 0x00007ff8a5a77000 	C:\WINDOWS\SYSTEM32\windows.storage.dll
0x00007ff8a8a30000 - 0x00007ff8a8da8000 	C:\WINDOWS\System32\combase.dll
0x00007ff8a50a0000 - 0x00007ff8a5206000 	C:\WINDOWS\SYSTEM32\wintypes.dll
0x00007ff8a9620000 - 0x00007ff8a970a000 	C:\WINDOWS\System32\SHCORE.dll
0x00007ff8a8440000 - 0x00007ff8a849d000 	C:\WINDOWS\System32\shlwapi.dll
0x00007ff8a6fd0000 - 0x00007ff8a6ff1000 	C:\WINDOWS\SYSTEM32\profapi.dll
0x00007ff857d20000 - 0x00007ff857eaf000 	C:\Program Files\Java\jdk-17.0.1\bin\awt.dll
0x00007ff8a94a0000 - 0x00007ff8a9576000 	C:\WINDOWS\System32\OLEAUT32.dll
0x00007ff8a4360000 - 0x00007ff8a43f1000 	C:\WINDOWS\SYSTEM32\apphelp.dll
0x00007ff8a47c0000 - 0x00007ff8a47ef000 	C:\WINDOWS\system32\DWMAPI.DLL
0x00007ff8a4440000 - 0x00007ff8a44ec000 	C:\WINDOWS\system32\uxtheme.dll
0x00007ff86e450000 - 0x00007ff86e551000 	C:\WINDOWS\system32\opengl32.dll
0x00007ff87ea20000 - 0x00007ff87ea4d000 	C:\WINDOWS\SYSTEM32\GLU32.dll
0x00007ff8a4520000 - 0x00007ff8a4558000 	C:\WINDOWS\SYSTEM32\dxcore.dll
0x00007ff8a86a0000 - 0x00007ff8a87be000 	C:\WINDOWS\System32\MSCTF.dll
0x00007ff8a84a0000 - 0x00007ff8a863a000 	C:\WINDOWS\System32\ole32.dll
0x00007ff8a2340000 - 0x00007ff8a23c9000 	C:\Program Files\Java\jdk-17.0.1\bin\freetype.dll
0x00007ff85d5f0000 - 0x00007ff85d698000 	C:\Program Files\Java\jdk-17.0.1\bin\fontmanager.dll
0x00007ff8653e0000 - 0x00007ff8653f9000 	C:\Program Files\Java\jdk-17.0.1\bin\net.dll
0x00007ff8a0980000 - 0x00007ff8a0a8c000 	C:\WINDOWS\SYSTEM32\WINHTTP.dll
0x00007ff8a66c0000 - 0x00007ff8a6727000 	C:\WINDOWS\system32\mswsock.dll
0x00007ff85ec40000 - 0x00007ff85ec55000 	C:\Program Files\Java\jdk-17.0.1\bin\nio.dll
0x00007ff888560000 - 0x00007ff88868d000 	C:\WINDOWS\SYSTEM32\textinputframework.dll
0x00007ff8a4030000 - 0x00007ff8a4162000 	C:\WINDOWS\SYSTEM32\CoreMessaging.dll
0x00007ff8a1420000 - 0x00007ff8a178d000 	C:\WINDOWS\SYSTEM32\CoreUIComponents.dll
0x00007ff8a6900000 - 0x00007ff8a690c000 	C:\WINDOWS\SYSTEM32\CRYPTBASE.DLL

dbghelp: loaded successfully - version: 4.0.5 - missing functions: none
symbol engine: initialized successfully - sym options: 0x614 - pdb path: .;C:\Program Files\Java\jdk-17.0.1\bin;C:\WINDOWS\SYSTEM32;C:\Program Files\Avast Software\Avast;C:\WINDOWS\WinSxS\amd64_microsoft.windows.common-controls_6595b64144ccf1df_6.0.22000.120_none_9d947278b86cc467;C:\Program Files\Java\jdk-17.0.1\bin\server

VM Arguments:
jvm_args: -Dfile.encoding=Cp1252 -XX:+ShowCodeDetailsInExceptionMessages 
java_command: mypackage.index
java_class_path (initial): C:\Users\omara\eclipse-workspace\NFA035-ABEDELKADEROMAR-10833f\bin
Launcher Type: SUN_STANDARD

[Global flags]
     intx CICompilerCount                          = 4                                         {product} {ergonomic}
     uint ConcGCThreads                            = 3                                         {product} {ergonomic}
     uint G1ConcRefinementThreads                  = 10                                        {product} {ergonomic}
   size_t G1HeapRegionSize                         = 2097152                                   {product} {ergonomic}
    uintx GCDrainStackTargetSize                   = 64                                        {product} {ergonomic}
   size_t InitialHeapSize                          = 266338304                                 {product} {ergonomic}
   size_t MarkStackSize                            = 4194304                                   {product} {ergonomic}
   size_t MaxHeapSize                              = 4255121408                                {product} {ergonomic}
   size_t MaxNewSize                               = 2552233984                                {product} {ergonomic}
   size_t MinHeapDeltaBytes                        = 2097152                                   {product} {ergonomic}
   size_t MinHeapSize                              = 8388608                                   {product} {ergonomic}
    uintx NonNMethodCodeHeapSize                   = 5839372                                {pd product} {ergonomic}
    uintx NonProfiledCodeHeapSize                  = 122909434                              {pd product} {ergonomic}
    uintx ProfiledCodeHeapSize                     = 122909434                              {pd product} {ergonomic}
    uintx ReservedCodeCacheSize                    = 251658240                              {pd product} {ergonomic}
     bool SegmentedCodeCache                       = true                                      {product} {ergonomic}
     bool ShowCodeDetailsInExceptionMessages       = true                                   {manageable} {command line}
   size_t SoftMaxHeapSize                          = 4255121408                             {manageable} {ergonomic}
     bool UseCompressedClassPointers               = true                           {product lp64_product} {ergonomic}
     bool UseCompressedOops                        = true                           {product lp64_product} {ergonomic}
     bool UseG1GC                                  = true                                      {product} {ergonomic}
     bool UseLargePagesIndividualAllocation        = false                                  {pd product} {ergonomic}

Logging:
Log output configuration:
 #0: stdout all=warning uptime,level,tags
 #1: stderr all=off uptime,level,tags

Environment Variables:
PATH=C:\Program Files\Common Files\Oracle\Java\javapath;C:\ProgramData\Oracle\Java\javapath;C:\app\omara\product\18.0.0\dbhomeXE\bin;C:\windows\system32;C:\windows;C:\windows\System32\Wbem;C:\windows\System32\WindowsPowerShell\v1.0\;C:\windows\System32\OpenSSH\;C:\Program Files (x86)\NVIDIA Corporation\PhysX\Common;C:\Program Files\NVIDIA Corporation\NVIDIA NvDLISR;C:\WINDOWS\system32;C:\WINDOWS;C:\WINDOWS\System32\Wbem;C:\WINDOWS\System32\WindowsPowerShell\v1.0\;C:\WINDOWS\System32\OpenSSH\;C:\wamp64\bin\php\php5.6.40;D:\composer;C:\ProgramData\ComposerSetup\bin;C:\Program Files\Git\cmd;C:\Users\omara\AppData\Local\Microsoft\WindowsApps;C:\Users\omara\AppData\Roaming\Composer\vendor\bin
USERNAME=OmarAbedelKader
OS=Windows_NT
PROCESSOR_IDENTIFIER=Intel64 Family 6 Model 158 Stepping 10, GenuineIntel



---------------  S Y S T E M  ---------------

OS:
 Windows 10 , 64 bit Build 22000 (10.0.22000.318)
OS uptime: 3 days 23:04 hours

CPU: total 12 (initial active 12) (6 cores per cpu, 2 threads per core) family 6 model 158 stepping 10 microcode 0xde, cx8, cmov, fxsr, ht, mmx, 3dnowpref, sse, sse2, sse3, ssse3, sse4.1, sse4.2, popcnt, lzcnt, tsc, tscinvbit, avx, avx2, aes, erms, clmul, bmi1, bmi2, adx, fma, vzeroupper, clflush, clflushopt

Memory: 4k page, system-wide physical 16224M (4756M free)
TotalPageFile size 31375M (AvailPageFile size 5M)
current process WorkingSet (physical memory assigned to process): 77M, peak: 77M
current process commit charge ("private bytes"): 367M, peak: 368M

vm_info: Java HotSpot(TM) 64-Bit Server VM (17.0.1+12-LTS-39) for windows-amd64 JRE (17.0.1+12-LTS-39), built on Sep 27 2021 18:41:35 by "mach5one" with MS VC++ 16.8 (VS2019)

END.
