#
# There is insufficient memory for the Java Runtime Environment to continue.
# Native memory allocation (mmap) failed to map 266338304 bytes for G1 virtual space
# Possible reasons:
#   The system is out of physical RAM or swap space
#   The process is running with CompressedOops enabled, and the Java Heap may be blocking the growth of the native heap
# Possible solutions:
#   Reduce memory load on the system
#   Increase physical memory or swap space
#   Check if swap backing store is full
#   Decrease Java heap size (-Xmx/-Xms)
#   Decrease number of Java threads
#   Decrease Java thread stack sizes (-Xss)
#   Set larger code cache with -XX:ReservedCodeCacheSize=
#   JVM is running with Zero Based Compressed Oops mode in which the Java heap is
#     placed in the first 32GB address space. The Java Heap base address is the
#     maximum limit for the native heap growth. Please use -XX:HeapBaseMinAddress
#     to set the Java Heap base and to place the Java Heap above 32GB virtual address.
# This output file may be truncated or incomplete.
#
#  Out of Memory Error (os_windows.cpp:3469), pid=29516, tid=29568
#
# JRE version:  (17.0.1+12) (build )
# Java VM: Java HotSpot(TM) 64-Bit Server VM (17.0.1+12-LTS-39, mixed mode, sharing, tiered, compressed oops, compressed class ptrs, g1 gc, windows-amd64)
# No core dump will be written. Minidumps are not enabled by default on client versions of Windows
#

---------------  S U M M A R Y ------------

Command Line: -Dfile.encoding=Cp1252 -XX:+ShowCodeDetailsInExceptionMessages mypackage.index

Host: Intel(R) Core(TM) i7-9750H CPU @ 2.60GHz, 12 cores, 15G,  Windows 10 , 64 bit Build 22000 (10.0.22000.434)
Time: Sat Jan 22 13:01:50 2022 Moyen-Orient elapsed time: 0.015125 seconds (0d 0h 0m 0s)

---------------  T H R E A D  ---------------

Current thread (0x0000021e61542780):  JavaThread "Unknown thread" [_thread_in_vm, id=29568, stack(0x000000a71a600000,0x000000a71a700000)]

Stack: [0x000000a71a600000,0x000000a71a700000]
Native frames: (J=compiled Java code, j=interpreted, Vv=VM code, C=native code)
V  [jvm.dll+0x66fa1a]
V  [jvm.dll+0x7ce5a4]
V  [jvm.dll+0x7cfd4e]
V  [jvm.dll+0x7d03b3]
V  [jvm.dll+0x242b05]
V  [jvm.dll+0x66ca39]
V  [jvm.dll+0x661502]
V  [jvm.dll+0x30081b]
V  [jvm.dll+0x307da6]
V  [jvm.dll+0x357a1e]
V  [jvm.dll+0x357c4f]
V  [jvm.dll+0x2d7ad8]
V  [jvm.dll+0x2d8a44]
V  [jvm.dll+0x7a01e1]
V  [jvm.dll+0x365791]
V  [jvm.dll+0x77f6cc]
V  [jvm.dll+0x3e812f]
V  [jvm.dll+0x3e9bd1]
C  [jli.dll+0x527b]
C  [ucrtbase.dll+0x26c0c]
C  [KERNEL32.DLL+0x154e0]
C  [ntdll.dll+0x485b]


---------------  P R O C E S S  ---------------

Threads class SMR info:
_java_thread_list=0x00007ff8d6d47818, length=0, elements={
}

Java Threads: ( => current thread )

Other Threads:
  0x0000021e61593530 GCTaskThread "GC Thread#0" [stack: 0x000000a71a700000,0x000000a71a800000] [id=29572]
  0x0000021e615a42d0 ConcurrentGCThread "G1 Main Marker" [stack: 0x000000a71a800000,0x000000a71a900000] [id=29576]
  0x0000021e615a6490 ConcurrentGCThread "G1 Conc#0" [stack: 0x000000a71a900000,0x000000a71aa00000] [id=29580]

[error occurred during error reporting (printing all threads), id 0xc0000005, EXCEPTION_ACCESS_VIOLATION (0xc0000005) at pc=0x00007ff8d65984b7]

VM state: not at safepoint (not fully initialized)

VM Mutex/Monitor currently owned by a thread:  ([mutex/lock_event])
[0x0000021e6153e4c0] Heap_lock - owner thread: 0x0000021e61542780

Heap address: 0x0000000702600000, size: 4058 MB, Compressed Oops mode: Zero based, Oop shift amount: 3

CDS archive(s) mapped at: [0x0000000000000000-0x0000000000000000-0x0000000000000000), size 0, SharedBaseAddress: 0x0000000800000000, ArchiveRelocationMode: 0.
Narrow klass base: 0x0000000000000000, Narrow klass shift: 0, Narrow klass range: 0x0

GC Precious Log:
<Empty>

Heap:
 garbage-first heap   total 0K, used 0K [0x0000000702600000, 0x0000000800000000)
  region size 2048K, 0 young (0K), 0 survivors (0K)

[error occurred during error reporting (printing heap information), id 0xc0000005, EXCEPTION_ACCESS_VIOLATION (0xc0000005) at pc=0x00007ff8d6978d89]

GC Heap History (0 events):
No events

Deoptimization events (0 events):
No events

Classes unloaded (0 events):
No events

Classes redefined (0 events):
No events

Internal exceptions (0 events):
No events

VM Operations (0 events):
No events

Events (1 events):
Event: 0.008 Loaded shared library C:\Program Files\Java\jdk-17.0.1\bin\java.dll


Dynamic libraries:
0x00007ff611930000 - 0x00007ff611940000 	C:\Program Files\Java\jdk-17.0.1\bin\javaw.exe
0x00007ff974a40000 - 0x00007ff974c47000 	C:\WINDOWS\SYSTEM32\ntdll.dll
0x00007ff91c430000 - 0x00007ff91c446000 	C:\Program Files\Avast Software\Avast\aswhook.dll
0x00007ff973da0000 - 0x00007ff973e5d000 	C:\WINDOWS\System32\KERNEL32.DLL
0x00007ff972380000 - 0x00007ff9726f4000 	C:\WINDOWS\System32\KERNELBASE.dll
0x00007ff972700000 - 0x00007ff972811000 	C:\WINDOWS\System32\ucrtbase.dll
0x00007ff932ca0000 - 0x00007ff932cb8000 	C:\Program Files\Java\jdk-17.0.1\bin\jli.dll
0x00007ff932030000 - 0x00007ff93204a000 	C:\Program Files\Java\jdk-17.0.1\bin\VCRUNTIME140.dll
0x00007ff9729d0000 - 0x00007ff972a7e000 	C:\WINDOWS\System32\ADVAPI32.dll
0x00007ff9728e0000 - 0x00007ff972983000 	C:\WINDOWS\System32\msvcrt.dll
0x00007ff973c60000 - 0x00007ff973cfe000 	C:\WINDOWS\System32\sechost.dll
0x00007ff972b70000 - 0x00007ff972c90000 	C:\WINDOWS\System32\RPCRT4.dll
0x00007ff973640000 - 0x00007ff9737ec000 	C:\WINDOWS\System32\USER32.dll
0x00007ff971fa0000 - 0x00007ff971fc6000 	C:\WINDOWS\System32\win32u.dll
0x00007ff956880000 - 0x00007ff956b25000 	C:\WINDOWS\WinSxS\amd64_microsoft.windows.common-controls_6595b64144ccf1df_6.0.22000.120_none_9d947278b86cc467\COMCTL32.dll
0x00007ff9742d0000 - 0x00007ff9742f9000 	C:\WINDOWS\System32\GDI32.dll
0x00007ff972260000 - 0x00007ff972372000 	C:\WINDOWS\System32\gdi32full.dll
0x00007ff971fd0000 - 0x00007ff97206d000 	C:\WINDOWS\System32\msvcp_win.dll
0x00007ff969720000 - 0x00007ff96972a000 	C:\WINDOWS\SYSTEM32\VERSION.dll
0x00007ff972990000 - 0x00007ff9729c1000 	C:\WINDOWS\System32\IMM32.DLL
0x00007ff953790000 - 0x00007ff95379c000 	C:\Program Files\Java\jdk-17.0.1\bin\vcruntime140_1.dll
0x00007ff9281b0000 - 0x00007ff92823d000 	C:\Program Files\Java\jdk-17.0.1\bin\msvcp140.dll
0x00007ff8d62b0000 - 0x00007ff8d6e6e000 	C:\Program Files\Java\jdk-17.0.1\bin\server\jvm.dll
0x00007ff974830000 - 0x00007ff974838000 	C:\WINDOWS\System32\PSAPI.DLL
0x00007ff957910000 - 0x00007ff957919000 	C:\WINDOWS\SYSTEM32\WSOCK32.dll
0x00007ff96b320000 - 0x00007ff96b353000 	C:\WINDOWS\SYSTEM32\WINMM.dll
0x00007ff972c90000 - 0x00007ff972cff000 	C:\WINDOWS\System32\WS2_32.dll
0x00007ff9710b0000 - 0x00007ff9710c8000 	C:\WINDOWS\SYSTEM32\kernel.appcore.dll
0x00007ff950850000 - 0x00007ff95085a000 	C:\Program Files\Java\jdk-17.0.1\bin\jimage.dll
0x00007ff96fa40000 - 0x00007ff96fc61000 	C:\WINDOWS\SYSTEM32\DBGHELP.DLL
0x00007ff95c6b0000 - 0x00007ff95c6e1000 	C:\WINDOWS\SYSTEM32\dbgcore.DLL
0x00007ff972070000 - 0x00007ff9720ef000 	C:\WINDOWS\System32\bcryptPrimitives.dll
0x00007ff926860000 - 0x00007ff926885000 	C:\Program Files\Java\jdk-17.0.1\bin\java.dll

dbghelp: loaded successfully - version: 4.0.5 - missing functions: none
symbol engine: initialized successfully - sym options: 0x614 - pdb path: .;C:\Program Files\Java\jdk-17.0.1\bin;C:\WINDOWS\SYSTEM32;C:\Program Files\Avast Software\Avast;C:\WINDOWS\WinSxS\amd64_microsoft.windows.common-controls_6595b64144ccf1df_6.0.22000.120_none_9d947278b86cc467;C:\Program Files\Java\jdk-17.0.1\bin\server

VM Arguments:
jvm_args: -Dfile.encoding=Cp1252 -XX:+ShowCodeDetailsInExceptionMessages 
java_command: mypackage.index
java_class_path (initial): C:\Users\omara\eclipse-workspace\NFA035-ABEDELKADEROMAR-10833f\bin
Launcher Type: SUN_STANDARD

[Global flags]
     intx CICompilerCount                          = 4                                         {product} {ergonomic}
     uint ConcGCThreads                            = 3                                         {product} {ergonomic}
     uint G1ConcRefinementThreads                  = 10                                        {product} {ergonomic}
   size_t G1HeapRegionSize                         = 2097152                                   {product} {ergonomic}
    uintx GCDrainStackTargetSize                   = 64                                        {product} {ergonomic}
   size_t InitialHeapSize                          = 266338304                                 {product} {ergonomic}
   size_t MarkStackSize                            = 4194304                                   {product} {ergonomic}
   size_t MaxHeapSize                              = 4255121408                                {product} {ergonomic}
   size_t MinHeapDeltaBytes                        = 2097152                                   {product} {ergonomic}
   size_t MinHeapSize                              = 8388608                                   {product} {ergonomic}
    uintx NonNMethodCodeHeapSize                   = 5839372                                {pd product} {ergonomic}
    uintx NonProfiledCodeHeapSize                  = 122909434                              {pd product} {ergonomic}
    uintx ProfiledCodeHeapSize                     = 122909434                              {pd product} {ergonomic}
    uintx ReservedCodeCacheSize                    = 251658240                              {pd product} {ergonomic}
     bool SegmentedCodeCache                       = true                                      {product} {ergonomic}
     bool ShowCodeDetailsInExceptionMessages       = true                                   {manageable} {command line}
   size_t SoftMaxHeapSize                          = 4255121408                             {manageable} {ergonomic}
     bool UseCompressedClassPointers               = true                           {product lp64_product} {ergonomic}
     bool UseCompressedOops                        = true                           {product lp64_product} {ergonomic}
     bool UseG1GC                                  = true                                      {product} {ergonomic}
     bool UseLargePagesIndividualAllocation        = false                                  {pd product} {ergonomic}

Logging:
Log output configuration:
 #0: stdout all=warning uptime,level,tags
 #1: stderr all=off uptime,level,tags

Environment Variables:
PATH=C:\Program Files\Common Files\Oracle\Java\javapath;C:\ProgramData\Oracle\Java\javapath;C:\app\omara\product\18.0.0\dbhomeXE\bin;C:\windows\system32;C:\windows;C:\windows\System32\Wbem;C:\windows\System32\WindowsPowerShell\v1.0\;C:\windows\System32\OpenSSH\;C:\Program Files (x86)\NVIDIA Corporation\PhysX\Common;C:\Program Files\NVIDIA Corporation\NVIDIA NvDLISR;C:\WINDOWS\system32;C:\WINDOWS;C:\WINDOWS\System32\Wbem;C:\WINDOWS\System32\WindowsPowerShell\v1.0\;C:\WINDOWS\System32\OpenSSH\;C:\wamp64\bin\php\php5.6.40;D:\composer;C:\ProgramData\ComposerSetup\bin;C:\Program Files\Git\cmd;C:\Users\omara\AppData\Local\Microsoft\WindowsApps;C:\Users\omara\AppData\Roaming\Composer\vendor\bin
USERNAME=OmarAbedelKader
OS=Windows_NT
PROCESSOR_IDENTIFIER=Intel64 Family 6 Model 158 Stepping 10, GenuineIntel



---------------  S Y S T E M  ---------------

OS:
 Windows 10 , 64 bit Build 22000 (10.0.22000.434)
OS uptime: 2 days 21:26 hours

CPU: total 12 (initial active 12) (6 cores per cpu, 2 threads per core) family 6 model 158 stepping 10 microcode 0xde, cx8, cmov, fxsr, ht, mmx, 3dnowpref, sse, sse2, sse3, ssse3, sse4.1, sse4.2, popcnt, lzcnt, tsc, tscinvbit, avx, avx2, aes, erms, clmul, bmi1, bmi2, adx, fma, vzeroupper, clflush, clflushopt

Memory: 4k page, system-wide physical 16224M (5082M free)
TotalPageFile size 31326M (AvailPageFile size 181M)
current process WorkingSet (physical memory assigned to process): 10M, peak: 10M
current process commit charge ("private bytes"): 64M, peak: 318M

vm_info: Java HotSpot(TM) 64-Bit Server VM (17.0.1+12-LTS-39) for windows-amd64 JRE (17.0.1+12-LTS-39), built on Sep 27 2021 18:41:35 by "mach5one" with MS VC++ 16.8 (VS2019)

END.
